app/build/outputs/mapping/civRelease/seeds.txt
com.atakmap.android.geospy.plugin.geospyLifecycle
com.atakmap.android.geospy.plugin.R$color: int white
com.atakmap.android.geospy.plugin.R$drawable: int btn_gray
com.atakmap.android.geospy.plugin.PluginNativeLoader: java.lang.String TAG
com.atakmap.android.geospy.plugin.R$style: int ATAKEditText
com.atakmap.android.geospy.plugin.BuildConfig: boolean DEBUG
com.atakmap.android.geospy.plugin.R$style: int FullDropdownStyle
com.atakmap.android.geospy.plugin.BuildConfig: java.lang.String VERSION_NAME
com.atakmap.android.geospy.plugin.R$id: int pickBtn
com.atakmap.android.geospy.plugin.R$drawable: int new_dark_button_bg
com.atakmap.android.geospy.plugin.R$drawable: int ic_launcher
com.atakmap.android.geospy.plugin.BuildConfig: java.lang.String APPLICATION_ID
com.atakmap.android.geospy.plugin.R$string: int preferences_title
com.atakmap.android.geospy.plugin.R$string: int preferences_dialogTitle
com.atakmap.android.geospy.plugin.R$style: int AppBaseTheme
com.atakmap.android.geospy.plugin.PluginNativeLoader: java.lang.String ndl
com.atakmap.android.geospy.plugin.R$layout: int main_layout
com.atakmap.android.geospy.plugin.R$string: int preferences_apiTitle
com.atakmap.android.geospy.plugin.R$style: int unpaddedButton
com.atakmap.android.geospy.plugin.R$style: int darkButton
com.atakmap.android.geospy.plugin.R$style: int ATAKTheme
com.atakmap.android.geospy.plugin.R$string: int app_desc
com.atakmap.android.geospy.plugin.R$style: int ATAKSpinner
com.atakmap.android.geospy.plugin.R$style: int ATAKPluginTheme
com.atakmap.android.geospy.plugin.R$string: int app_name
com.atakmap.android.geospy.plugin.R$dimen: int fontSize
com.atakmap.android.geospy.plugin.BuildConfig: int VERSION_CODE
com.atakmap.android.geospy.plugin.R$color: int darker_gray
com.atakmap.android.geospy.plugin.R$string: int preferences_summary
com.atakmap.android.geospy.plugin.R$id: int imageView
com.atakmap.android.geospy.plugin.BuildConfig: java.lang.String FLAVOR
com.atakmap.android.geospy.plugin.BuildConfig: java.lang.String BUILD_TYPE
com.atakmap.android.geospy.plugin.R$drawable: int new_dark_button_selected
com.atakmap.android.geospy.plugin.geospyTool: java.lang.String TAG
com.atakmap.android.geospy.plugin.R$drawable: int new_dark_button_disabled
com.atakmap.android.geospy.plugin.R$string: int geospy_preferences
com.atakmap.android.geospy.plugin.R$xml: int preferences
com.atakmap.android.geospy.plugin.R$style: int ATAKSpinnerItem
com.atakmap.android.geospy.plugin.R$style: int AppTheme
com.atakmap.android.geospy.plugin.PluginNativeLoader: PluginNativeLoader()
com.atakmap.android.geospy.plugin.R$drawable: R$drawable()
com.atakmap.android.geospy.plugin.R$id: R$id()
com.atakmap.android.geospy.plugin.R$style: R$style()
com.atakmap.android.geospy.plugin.geospyTool: geospyTool(android.content.Context)
com.atakmap.android.geospy.plugin.R$layout: R$layout()
com.atakmap.android.geospy.plugin.R$xml: R$xml()
com.atakmap.android.geospy.plugin.BuildConfig: BuildConfig()
com.atakmap.android.geospy.plugin.PluginNativeLoader: void init(android.content.Context)
com.atakmap.android.geospy.plugin.geospyTool: void dispose()
com.atakmap.android.geospy.plugin.R$dimen: R$dimen()
com.atakmap.android.geospy.plugin.geospyLifecycle: geospyLifecycle(gov.tak.api.plugin.IServiceController)
com.atakmap.android.geospy.plugin.R: R()
com.atakmap.android.geospy.plugin.R$string: R$string()
com.atakmap.android.geospy.plugin.R$color: R$color()
com.atakmap.android.geospy.plugin.PluginNativeLoader: void loadLibrary(java.lang.String)
...
kotlin.collections.CollectionsKt__MutableCollectionsKt: boolean removeAll(java.util.Collection,kotlin.sequences.Sequence)
kotlin.collections.GroupingKt__GroupingKt: java.util.Map fold(kotlin.collections.Grouping,java.lang.Object,kotlin.jvm.functions.Function2)
kotlin.jvm.internal.ClassReference: java.util.Collection getMembers()
kotlin.collections.ArraysKt___ArraysKt: void forEach(char[],kotlin.jvm.functions.Function1)
kotlin.collections.unsigned.UArraysKt___UArraysKt: long[] copyOfRange--nroSd4(long[],int,int)
kotlin.jvm.internal.TypeIntrinsics: boolean isMutableIterable(java.lang.Object)
kotlin.collections.ArraysKt___ArraysJvmKt$asList$7: ArraysKt___ArraysJvmKt$asList$7(boolean[])
kotlin.collections.CollectionsKt___CollectionsKt: java.util.Map groupByTo(java.lang.Iterable,java.util.Map,kotlin.jvm.functions.Function1,kotlin.jvm.functions.Function1)
kotlin.collections.ArraysKt___ArraysKt: byte reduce(byte[],kotlin.jvm.functions.Function2)
kotlin.collections.ArraysKt___ArraysKt: java.lang.Object minOfWith(char[],java.util.Comparator,kotlin.jvm.functions.Function1)
kotlin.collections.CollectionsKt__CollectionsJVMKt: java.lang.Object[] copyToArrayOfAny(java.lang.Object[],boolean)
kotlin.collections.AbstractMap$keys$1: AbstractMap$keys$1(kotlin.collections.AbstractMap)
kotlin.collections.unsigned.UArraysKt___UArraysKt: java.lang.Double minOfOrNull-xTcfx_M(short[],kotlin.jvm.functions.Function1)
kotlin.collections.unsigned.UArraysKt___UArraysKt: java.util.List drop-r7IrZao(long[],int)
kotlin.collections.ArraysKt___ArraysKt: java.util.Collection toCollection(double[],java.util.Collection)
kotlin.collections.UArraySortingKt: void quickSort-oBK06Vg(int[],int,int)
kotlin.collections.unsigned.UArraysKt___UArraysKt: java.util.List map-jgv0xPQ(int[],kotlin.jvm.functions.Function1)
kotlin.jvm.internal.SpreadBuilder: SpreadBuilder(int)
kotlin.collections.ArraysKt___ArraysKt: java.lang.Float elementAtOrNull(float[],int)
kotlin.collections.unsigned.UArraysKt___UArraysKt: java.lang.Comparable maxOfOrNull-MShoTSo(long[],kotlin.jvm.functions.Function1)
kotlin.collections.ArraysKt___ArraysKt: java.lang.Float lastOrNull(float[],kotlin.jvm.functions.Function1)
kotlin.jvm.internal.FunctionImpl: java.lang.Object invoke(java.lang.Object)
kotlin.collections.unsigned.UArraysKt___UArraysKt: int indexOfFirst-xTcfx_M(short[],kotlin.jvm.functions.Function1)
kotlin.collections.ArraysKt___ArraysKt: double single(double[])
kotlin.collections.ArraysKt___ArraysKt: long random(long[],kotlin.random.Random)
kotlin.collections.ArraysKt___ArraysKt: int sumOfShort(java.lang.Short[])
okio.Segment: Segment()
kotlin.collections.ArraysKt___ArraysKt: java.util.List zip(long[],java.lang.Iterable)
kotlin.collections.builders.SetBuilder: boolean add(java.lang.Object)
kotlin.collections.builders.MapBuilderValues: boolean retainAll(java.util.Collection)
kotlin.collections.ArraysKt___ArraysJvmKt: void sort(short[],int,int)
kotlin.jvm.internal.ArrayIterator: boolean hasNext()
kotlin.coroutines.jvm.internal.Boxing: java.lang.Byte boxByte(byte)
kotlin.collections.unsigned.UArraysKt___UArraysKt: void shuffle-rL5Bavg(short[])
kotlin.collections.AbstractList$ListIteratorImpl: int nextIndex()
kotlin.collections.ArraysKt___ArraysJvmKt$asList$1: int lastIndexOf(java.lang.Object)
kotlin.jvm.internal.TypeIntrinsics: void throwCce(java.lang.String)
kotlin.collections.builders.MapBuilder: int size()
kotlin.collections.unsigned.UArraysKt___UArraysKt: java.util.Map groupBy-bBsjw1Y(byte[],kotlin.jvm.functions.Function1,kotlin.jvm.functions.Function1)
kotlin.collections.builders.SerializedMap$Companion: SerializedMap$Companion()
kotlin.collections.ArraysKt___ArraysKt: java.lang.Float randomOrNull(float[])
kotlin.jvm.internal.ArrayByteIterator: boolean hasNext()
kotlin.collections.ArraysKt___ArraysJvmKt: int[] plus(int[],int[])
kotlin.collections.ArraysKt___ArraysJvmKt$asList$5: int indexOf(float)