app/build/outputs/mapping/civRelease/mapping.txt
# compiler: R8
# compiler_version: 4.0.52
# min_api: 26
# common_typos_disable
# {"id":"com.android.tools.r8.mapping","version":"2.1"}
# pg_map_id: a65a9d4
# pg_map_hash: SHA-256 a65a9d4be3cea1170ec9d3710c7f94a637f2228145596acf1bce5e08b9ff18fb
com.atakmap.android.geospy.plugin.BuildConfig -> atakplugin.geospy.b0:
    0:3:void <init>():6:6 -> <init>
com.atakmap.android.geospy.plugin.PluginNativeLoader -> atakplugin.geospy.e7:
    0:3:void <init>():10:10 -> <init>
    3:6:void init(android.content.Context):22:22 -> init
    7:10:void init(android.content.Context):24:24 -> init
    11:24:void init(android.content.Context):25:25 -> init
    25:32:void init(android.content.Context):28:28 -> init
    33:37:void init(android.content.Context):33:33 -> init
    0:3:void loadLibrary(java.lang.String):43:43 -> loadLibrary
    4:18:void loadLibrary(java.lang.String):44:44 -> loadLibrary
    19:29:void loadLibrary(java.lang.String):45:45 -> loadLibrary
    30:40:void loadLibrary(java.lang.String):46:46 -> loadLibrary
    41:44:void loadLibrary(java.lang.String):47:47 -> loadLibrary
    45:52:void loadLibrary(java.lang.String):50:50 -> loadLibrary
com.atakmap.android.geospy.plugin.R -> atakplugin.geospy.v7:
com.atakmap.android.geospy.plugin.R$color -> atakplugin.geospy.v7$a:
com.atakmap.android.geospy.plugin.R$dimen -> atakplugin.geospy.v7$b:
com.atakmap.android.geospy.plugin.R$drawable -> atakplugin.geospy.v7$c:
com.atakmap.android.geospy.plugin.R$id -> atakplugin.geospy.v7$d:
com.atakmap.android.geospy.plugin.R$layout -> atakplugin.geospy.v7$e:
com.atakmap.android.geospy.plugin.R$string -> atakplugin.geospy.v7$f:
com.atakmap.android.geospy.plugin.R$style -> atakplugin.geospy.v7$g:
com.atakmap.android.geospy.plugin.R$xml -> atakplugin.geospy.v7$h:
com.atakmap.android.geospy.plugin.geospyLifecycle -> com.atakmap.android.geospy.plugin.geospyLifecycle:
    0:25:void <init>(gov.tak.api.plugin.IServiceController):13:13 -> <init>
com.atakmap.android.geospy.plugin.geospyTool -> atakplugin.geospy.rb:
    3:6:void <init>(android.content.Context):13:13 -> <init>
    7:10:void <init>(android.content.Context):14:14 -> <init>
    11:25:void <init>(android.content.Context):15:15 -> <init>
    26:28:void <init>(android.content.Context):12:12 -> <init>
    29:32:void <init>(android.content.Context):17:17 -> <init>
...
kotlin.contracts.Effect -> atakplugin.geospy.d2:
# {"id":"sourceFile","fileName":"Effect.kt"}
kotlin.contracts.ExperimentalContracts -> atakplugin.geospy.v2:
# {"id":"sourceFile","fileName":"ContractBuilder.kt"}
kotlin.contracts.InvocationKind -> atakplugin.geospy.d4:
# {"id":"sourceFile","fileName":"ContractBuilder.kt"}
    kotlin.contracts.InvocationKind UNKNOWN -> d
    kotlin.contracts.InvocationKind EXACTLY_ONCE -> c
    kotlin.contracts.InvocationKind[] $VALUES -> e
    kotlin.enums.EnumEntries $ENTRIES -> f
    kotlin.contracts.InvocationKind AT_LEAST_ONCE -> b
    kotlin.contracts.InvocationKind AT_MOST_ONCE -> a
    0:9:void <clinit>():101:101 -> <clinit>
    10:19:void <clinit>():108:108 -> <clinit>
    20:29:void <clinit>():115:115 -> <clinit>
    30:52:void <clinit>():122:122 -> <clinit>
    0:3:void <init>(java.lang.String,int):93:93 -> <init>
    kotlin.contracts.InvocationKind[] $values() -> c
    kotlin.enums.EnumEntries getEntries() -> d
kotlin.contracts.Returns -> atakplugin.geospy.h8:
# {"id":"sourceFile","fileName":"Effect.kt"}
kotlin.contracts.ReturnsNotNull -> atakplugin.geospy.i8:
# {"id":"sourceFile","fileName":"Effect.kt"}
kotlin.contracts.SimpleEffect -> atakplugin.geospy.G8:
# {"id":"sourceFile","fileName":"Effect.kt"}
    kotlin.contracts.ConditionalEffect implies(boolean) -> a
kotlin.coroutines.AbstractCoroutineContextElement -> kotlin.coroutines.AbstractCoroutineContextElement:
# {"id":"sourceFile","fileName":"CoroutineContextImpl.kt"}
    5:7:void <init>(kotlin.coroutines.CoroutineContext$Key):14:14 -> <init>
    8:10:void <init>(kotlin.coroutines.CoroutineContext$Key):15:15 -> <init>
    0:4:java.lang.Object fold(java.lang.Object,kotlin.jvm.functions.Function2):14:14 -> fold
    0:4:kotlin.coroutines.CoroutineContext$Element get(kotlin.coroutines.CoroutineContext$Key):14:14 -> get
    0:2:kotlin.coroutines.CoroutineContext$Key getKey():15:15 -> getKey
    0:4:kotlin.coroutines.CoroutineContext minusKey(kotlin.coroutines.CoroutineContext$Key):14:14 -> minusKey
    0:4:kotlin.coroutines.CoroutineContext plus(kotlin.coroutines.CoroutineContext):14:14 -> plus
kotlin.coroutines.AbstractCoroutineContextKey -> kotlin.coroutines.AbstractCoroutineContextKey:
# {"id":"sourceFile","fileName":"CoroutineContextImpl.kt"}
    10:12:void <init>(kotlin.coroutines.CoroutineContext$Key,kotlin.jvm.functions.Function1):46:46 -> <init>
    13:14:void <init>(kotlin.coroutines.CoroutineContext$Key,kotlin.jvm.functions.Function1):50:50 -> <init>
    15:25:void <init>(kotlin.coroutines.CoroutineContext$Key,kotlin.jvm.functions.Function1):52:52 -> <init>
    7:15:boolean isSubKey$kotlin_stdlib(kotlin.coroutines.CoroutineContext$Key):55:55 -> isSubKey$kotlin_stdlib
    5:13:kotlin.coroutines.CoroutineContext$Element tryCast$kotlin_stdlib(kotlin.coroutines.CoroutineContext$Element):54:54 -> tryCast$kotlin_stdlib